<?xml version="1.0" encoding="UTF-8"?>
<!-- Generated by org.testng.reporters.JUnitReportReporter -->
<testsuite hostname="DESKTOP-LDVN3B6" failures="0" tests="1" name="testCases.LoginTest" time="2.046" errors="0" timestamp="2024-06-23T13:50:16 IST" skipped="0">
  <testcase classname="testCases.LoginTest" name="verifyLogin" time="2.046"/>
</testsuite> <!-- testCases.LoginTest -->
