<?xml version="1.0" encoding="UTF-8"?>
<!-- Generated by org.testng.reporters.JUnitReportReporter -->
<testsuite hostname="DESKTOP-LDVN3B6" failures="0" tests="1" name="testCases.LoginTest" time="1.783" errors="0" timestamp="2024-06-26T20:03:32 IST" skipped="0">
  <testcase classname="testCases.LoginTest" name="verifyLogin" time="1.783"/>
</testsuite> <!-- testCases.LoginTest -->
