<?xml version="1.0" encoding="UTF-8"?>
<!-- Generated by org.testng.reporters.JUnitReportReporter -->
<testsuite hostname="DESKTOP-LDVN3B6" failures="0" tests="1" name="testCases.AccountRegistrationTest" time="2.461" errors="0" timestamp="2024-06-26T19:15:00 IST" skipped="0">
  <testcase classname="testCases.AccountRegistrationTest" name="verify_account_registration" time="2.461"/>
</testsuite> <!-- testCases.AccountRegistrationTest -->
